This is pdfTeX, Version 3.14159265-2.6-1.40.20 (MiKTeX 2.9.6960 64-bit) (preloaded format=latex 2019.2.8)  8 FEB 2019 08:25
entering extended mode
**\section{1}

*

Overfull \hbox (20.0pt too wide) detected at line 0
[] 
 []

(Please type a command or say `\end')
*
(Please type a command or say `\end')
*\end

*
! Emergency stop.
<*> \end
        
End of file on the terminal!

 
Here is how much of TeX's memory you used:
 2 strings out of 492947
 50 string characters out of 3135542
 57006 words of memory out of 3000000
 4004 multiletter control sequences out of 15000+200000
 3640 words of font info for 14 fonts, out of 3000000 for 9000
 1141 hyphenation exceptions out of 8191
 4i,0n,4p,26b,16s stack positions out of 5000i,500n,10000p,200000b,50000s
No pages of output.
